2020-11-18 19:33:49.2437 ERROR Image downloading error.
Exeption code:	An exception occurred during a WebClient request.

2020-11-18 19:33:49.2437 ERROR Image downloading error.
Exeption code:	An exception occurred during a WebClient request.

2020-11-18 19:33:49.2437 ERROR Image downloading error.
Exeption code:	An exception occurred during a WebClient request.

2020-11-18 19:33:49.2437 ERROR Image downloading error.
Exeption code:	An exception occurred during a WebClient request.

2020-11-18 19:33:49.3619 ERROR Image downloading error.
Exeption code:	An exception occurred during a WebClient request.

2020-11-18 19:33:49.3619 ERROR Checking file size error.
Exeption code:	Could not find file 'C:\Users\Таня\Desktop\WebApp\WebApp\Images\1917b2ec03aa04d759e41c950732e07e.png'.

2020-11-18 19:33:49.3619 ERROR Checking file size error.
Exeption code:	Could not find file 'C:\Users\Таня\Desktop\WebApp\WebApp\Images\35d0a4c5910b0580b622e86e4f368449.png'.

2020-11-18 19:33:49.3779 ERROR Checking file size error.
Exeption code:	Could not find file 'C:\Users\Таня\Desktop\WebApp\WebApp\Images\f214b9a3df13c490cbb6110700b95965.png'.

2020-11-18 19:33:49.3779 ERROR Checking file size error.
Exeption code:	Could not find file 'C:\Users\Таня\Desktop\WebApp\WebApp\Images\a6de93cc023b34f3572ce5eae38b2c82.jpg'.

2020-11-18 19:33:49.3779 ERROR Checking file size error.
Exeption code:	Could not find file 'C:\Users\Таня\Desktop\WebApp\WebApp\Images\3fd3404b82aba2b3bdb479fed34b39b9.jpg'.

2020-11-18 19:37:25.3104 ERROR Image downloading error.
Exeption code:	Не найден сетевой путь. : '\\habrastorage.org\getpro\habr\avatars\565\ea8\7cf\565ea87cf5f700eb47ec442000fdefac.png'

2020-11-18 19:37:25.3104 ERROR Image downloading error.
Exeption code:	Не найден сетевой путь. : '\\habrastorage.org\getpro\habr\avatars\f21\4b9\a3d\f214b9a3df13c490cbb6110700b95965.png'

2020-11-18 19:37:25.3278 ERROR Image downloading error.
Exeption code:	Не найден сетевой путь. : '\\habrastorage.org\getpro\habr\avatars\3fd\340\4b8\3fd3404b82aba2b3bdb479fed34b39b9.jpg'

2020-11-18 19:37:37.5768 ERROR Image downloading error.
Exeption code:	Не найден сетевой путь. : '\\habrastorage.org\getpro\habr\avatars\20b\563\58e\20b56358e782028495372afc0724d655.jpg'

2020-11-18 19:37:39.3368 ERROR Checking file size error.
Exeption code:	Could not find file 'C:\Users\Таня\Desktop\WebApp\WebApp\Images\f214b9a3df13c490cbb6110700b95965.png'.

2020-11-18 19:37:39.3409 ERROR Checking file size error.
Exeption code:	Could not find file 'C:\Users\Таня\Desktop\WebApp\WebApp\Images\3fd3404b82aba2b3bdb479fed34b39b9.jpg'.

2020-11-18 19:37:39.3409 ERROR Checking file size error.
Exeption code:	Could not find file 'C:\Users\Таня\Desktop\WebApp\WebApp\Images\565ea87cf5f700eb47ec442000fdefac.png'.

2020-11-18 19:37:39.3409 ERROR Checking file size error.
Exeption code:	Could not find file 'C:\Users\Таня\Desktop\WebApp\WebApp\Images\20b56358e782028495372afc0724d655.jpg'.

2020-11-18 19:39:15.8024 ERROR Image downloading error.
Exeption code:	Не найден сетевой путь. : '\\habrastorage.org\getpro\habr\avatars\c14\a18\311\c14a18311542505a95ea109563914d7f.jpg'

2020-11-18 19:39:15.8024 ERROR Image downloading error.
Exeption code:	Не найден сетевой путь. : '\\habrastorage.org\getpro\habr\avatars\f21\4b9\a3d\f214b9a3df13c490cbb6110700b95965.png'

2020-11-18 19:39:17.4624 ERROR Checking file size error.
Exeption code:	Could not find file 'C:\Users\Таня\Desktop\WebApp\WebApp\Images\c14a18311542505a95ea109563914d7f.jpg'.

2020-11-18 19:39:17.4624 ERROR Checking file size error.
Exeption code:	Could not find file 'C:\Users\Таня\Desktop\WebApp\WebApp\Images\f214b9a3df13c490cbb6110700b95965.png'.

2020-11-18 20:22:13.6791 ERROR Image downloading error.
Exeption code:	Не найден сетевой путь. : '\\habrastorage.org\getpro\habr\avatars\f0c\f5b\a2c\f0cf5ba2c20f6fd565d0abb69cda5dec.jpg'

2020-11-18 20:22:13.6791 ERROR Image downloading error.
Exeption code:	Не найден сетевой путь. : '\\habrastorage.org\getpro\habr\avatars\c14\a18\311\c14a18311542505a95ea109563914d7f.jpg'

2020-11-18 20:22:13.7600 ERROR Checking file size error.
Exeption code:	Could not find file 'C:\Users\Таня\Desktop\WebApp\WebApp\Images\f0cf5ba2c20f6fd565d0abb69cda5dec.jpg'.

2020-11-18 20:22:13.7600 ERROR Checking file size error.
Exeption code:	Could not find file 'C:\Users\Таня\Desktop\WebApp\WebApp\Images\c14a18311542505a95ea109563914d7f.jpg'.

2020-11-18 20:32:02.2221 ERROR Image downloading error.
Exeption code:	Не найден сетевой путь. : '\\habrastorage.org\getpro\habr\avatars\2e4\498\059\2e4498059e90bc1b96d9bcafaa529e0a.png'

2020-11-18 20:32:02.2221 ERROR Image downloading error.
Exeption code:	Не найден сетевой путь. : '\\habrastorage.org\getpro\habr\avatars\f0c\f5b\a2c\f0cf5ba2c20f6fd565d0abb69cda5dec.jpg'

2020-11-18 20:32:02.2309 ERROR Checking file size error.
Exeption code:	Could not find file 'C:\Users\Таня\Desktop\WebApp\WebApp\Images\2e4498059e90bc1b96d9bcafaa529e0a.png'.

2020-11-18 20:32:02.2309 ERROR Checking file size error.
Exeption code:	Could not find file 'C:\Users\Таня\Desktop\WebApp\WebApp\Images\f0cf5ba2c20f6fd565d0abb69cda5dec.jpg'.

